This is pdfTeX, Version 3.14159265-2.6-1.40.15 (MiKTeX 2.9 64-bit) (preloaded format=pdflatex 2016.3.4)  21 DEC 2016 20:12
entering extended mode
**faseFinal.tex
(faseFinal.tex
LaTeX2e <2014/05/01>
Babel <3.9l> and hyphenation patterns for 68 languages loaded.
("C:\Program Files\MiKTeX 2.9\tex\latex\base\report.cls"
Document Class: report 2014/09/29 v1.4h Standard LaTeX document class
("C:\Program Files\MiKTeX 2.9\tex\latex\base\size12.clo"
File: size12.clo 2014/09/29 v1.4h Standard LaTeX file (size option)
)
\c@part=\count79
\c@chapter=\count80
\c@section=\count81
\c@subsection=\count82
\c@subsubsection=\count83
\c@paragraph=\count84
\c@subparagraph=\count85
\c@figure=\count86
\c@table=\count87
\abovecaptionskip=\skip41
\belowcaptionskip=\skip42
\bibindent=\dimen102
)
("C:\Program Files\MiKTeX 2.9\tex\latex\graphics\graphicx.sty"
Package: graphicx 2014/10/28 v1.0g Enhanced LaTeX Graphics (DPC,SPQR)

("C:\Program Files\MiKTeX 2.9\tex\latex\graphics\keyval.sty"
Package: keyval 2014/10/28 v1.15 key=value parser (DPC)
\KV@toks@=\toks14
)
("C:\Program Files\MiKTeX 2.9\tex\latex\graphics\graphics.sty"
Package: graphics 2014/10/28 v1.0p Standard LaTeX Graphics (DPC,SPQR)

("C:\Program Files\MiKTeX 2.9\tex\latex\graphics\trig.sty"
Package: trig 1999/03/16 v1.09 sin cos tan (DPC)
)
("C:\Program Files\MiKTeX 2.9\tex\latex\00miktex\graphics.cfg"
File: graphics.cfg 2007/01/18 v1.5 graphics configuration of teTeX/TeXLive
)
Package graphics Info: Driver file: pdftex.def on input line 91.

("C:\Program Files\MiKTeX 2.9\tex\latex\pdftex-def\pdftex.def"
File: pdftex.def 2011/05/27 v0.06d Graphics/color for pdfTeX

("C:\Program Files\MiKTeX 2.9\tex\generic\oberdiek\infwarerr.sty"
Package: infwarerr 2010/04/08 v1.3 Providing info/warning/error messages (HO)
)
("C:\Program Files\MiKTeX 2.9\tex\generic\oberdiek\ltxcmds.sty"
Package: ltxcmds 2011/11/09 v1.22 LaTeX kernel commands for general use (HO)
)
\Gread@gobject=\count88
))
\Gin@req@height=\dimen103
\Gin@req@width=\dimen104
)
("C:\Program Files\MiKTeX 2.9\tex\latex\float\float.sty"
Package: float 2001/11/08 v1.3d Float enhancements (AL)
\c@float@type=\count89
\float@exts=\toks15
\float@box=\box26
\@float@everytoks=\toks16
\@floatcapt=\box27
)
("C:\Program Files\MiKTeX 2.9\tex\latex\fancyvrb\fancyvrb.sty"
Package: fancyvrb 2008/02/07

Style option: `fancyvrb' v2.7a, with DG/SPQR fixes, and firstline=lastline fix 
<2008/02/07> (tvz)
\FV@CodeLineNo=\count90
\FV@InFile=\read1
\FV@TabBox=\box28
\c@FancyVerbLine=\count91
\FV@StepNumber=\count92
\FV@OutFile=\write3
)
("C:\Program Files\MiKTeX 2.9\tex\latex\pgfplots\pgfplots.sty"
("C:\Program Files\MiKTeX 2.9\tex\generic\pgfplots\pgfplots.revision.tex")
Package: pgfplots 2015/01/31 v1.12 Data Visualization (1.12)

("C:\Program Files\MiKTeX 2.9\tex\latex\pgf\frontendlayer\tikz.sty"
("C:\Program Files\MiKTeX 2.9\tex\latex\pgf\basiclayer\pgf.sty"
("C:\Program Files\MiKTeX 2.9\tex\latex\pgf\utilities\pgfrcs.sty"
("C:\Program Files\MiKTeX 2.9\tex\generic\pgf\utilities\pgfutil-common.tex"
\pgfutil@everybye=\toks17
\pgfutil@tempdima=\dimen105
\pgfutil@tempdimb=\dimen106

("C:\Program Files\MiKTeX 2.9\tex\generic\pgf\utilities\pgfutil-common-lists.te
x")) ("C:\Program Files\MiKTeX 2.9\tex\generic\pgf\utilities\pgfutil-latex.def"
\pgfutil@abb=\box29
("C:\Program Files\MiKTeX 2.9\tex\latex\ms\everyshi.sty"
Package: everyshi 2001/05/15 v3.00 EveryShipout Package (MS)
))
("C:\Program Files\MiKTeX 2.9\tex\generic\pgf\utilities\pgfrcs.code.tex"
Package: pgfrcs 2013/12/20 v3.0.0 (rcs-revision 1.28)
))
Package: pgf 2013/12/18 v3.0.0 (rcs-revision 1.14)

("C:\Program Files\MiKTeX 2.9\tex\latex\pgf\basiclayer\pgfcore.sty"
("C:\Program Files\MiKTeX 2.9\tex\latex\pgf\systemlayer\pgfsys.sty"
("C:\Program Files\MiKTeX 2.9\tex\generic\pgf\systemlayer\pgfsys.code.tex"
Package: pgfsys 2013/11/30 v3.0.0 (rcs-revision 1.47)

("C:\Program Files\MiKTeX 2.9\tex\generic\pgf\utilities\pgfkeys.code.tex"
\pgfkeys@pathtoks=\toks18
\pgfkeys@temptoks=\toks19

("C:\Program Files\MiKTeX 2.9\tex\generic\pgf\utilities\pgfkeysfiltered.code.te
x"
\pgfkeys@tmptoks=\toks20
))
\pgf@x=\dimen107
\pgf@y=\dimen108
\pgf@xa=\dimen109
\pgf@ya=\dimen110
\pgf@xb=\dimen111
\pgf@yb=\dimen112
\pgf@xc=\dimen113
\pgf@yc=\dimen114
\w@pgf@writea=\write4
\r@pgf@reada=\read2
\c@pgf@counta=\count93
\c@pgf@countb=\count94
\c@pgf@countc=\count95
\c@pgf@countd=\count96
\t@pgf@toka=\toks21
\t@pgf@tokb=\toks22
\t@pgf@tokc=\toks23
 ("C:\Program Files\MiKTeX 2.9\tex\generic\pgf\systemlayer\pgf.cfg"
File: pgf.cfg 2008/05/14  (rcs-revision 1.7)
)
Driver file for pgf: pgfsys-pdftex.def

("C:\Program Files\MiKTeX 2.9\tex\generic\pgf\systemlayer\pgfsys-pdftex.def"
File: pgfsys-pdftex.def 2013/07/18  (rcs-revision 1.33)

("C:\Program Files\MiKTeX 2.9\tex\generic\pgf\systemlayer\pgfsys-common-pdf.def
"
File: pgfsys-common-pdf.def 2013/10/10  (rcs-revision 1.13)
)))
("C:\Program Files\MiKTeX 2.9\tex\generic\pgf\systemlayer\pgfsyssoftpath.code.t
ex"
File: pgfsyssoftpath.code.tex 2013/09/09  (rcs-revision 1.9)
\pgfsyssoftpath@smallbuffer@items=\count97
\pgfsyssoftpath@bigbuffer@items=\count98
)
("C:\Program Files\MiKTeX 2.9\tex\generic\pgf\systemlayer\pgfsysprotocol.code.t
ex"
File: pgfsysprotocol.code.tex 2006/10/16  (rcs-revision 1.4)
)) ("C:\Program Files\MiKTeX 2.9\tex\latex\xcolor\xcolor.sty"
Package: xcolor 2007/01/21 v2.11 LaTeX color extensions (UK)

("C:\Program Files\MiKTeX 2.9\tex\latex\00miktex\color.cfg"
File: color.cfg 2007/01/18 v1.5 color configuration of teTeX/TeXLive
)
Package xcolor Info: Driver file: pdftex.def on input line 225.
Package xcolor Info: Model `cmy' substituted by `cmy0' on input line 1337.
Package xcolor Info: Model `hsb' substituted by `rgb' on input line 1341.
Package xcolor Info: Model `RGB' extended on input line 1353.
Package xcolor Info: Model `HTML' substituted by `rgb' on input line 1355.
Package xcolor Info: Model `Hsb' substituted by `hsb' on input line 1356.
Package xcolor Info: Model `tHsb' substituted by `hsb' on input line 1357.
Package xcolor Info: Model `HSB' substituted by `hsb' on input line 1358.
Package xcolor Info: Model `Gray' substituted by `gray' on input line 1359.
Package xcolor Info: Model `wave' substituted by `hsb' on input line 1360.
)
("C:\Program Files\MiKTeX 2.9\tex\generic\pgf\basiclayer\pgfcore.code.tex"
Package: pgfcore 2010/04/11 v3.0.0 (rcs-revision 1.7)

("C:\Program Files\MiKTeX 2.9\tex\generic\pgf\math\pgfmath.code.tex"
("C:\Program Files\MiKTeX 2.9\tex\generic\pgf\math\pgfmathcalc.code.tex"
("C:\Program Files\MiKTeX 2.9\tex\generic\pgf\math\pgfmathutil.code.tex")
("C:\Program Files\MiKTeX 2.9\tex\generic\pgf\math\pgfmathparser.code.tex"
\pgfmath@dimen=\dimen115
\pgfmath@count=\count99
\pgfmath@box=\box30
\pgfmath@toks=\toks24
\pgfmath@stack@operand=\toks25
\pgfmath@stack@operation=\toks26
)
("C:\Program Files\MiKTeX 2.9\tex\generic\pgf\math\pgfmathfunctions.code.tex"
("C:\Program Files\MiKTeX 2.9\tex\generic\pgf\math\pgfmathfunctions.basic.code.
tex")
("C:\Program Files\MiKTeX 2.9\tex\generic\pgf\math\pgfmathfunctions.trigonometr
ic.code.tex")
("C:\Program Files\MiKTeX 2.9\tex\generic\pgf\math\pgfmathfunctions.random.code
.tex")
("C:\Program Files\MiKTeX 2.9\tex\generic\pgf\math\pgfmathfunctions.comparison.
code.tex")
("C:\Program Files\MiKTeX 2.9\tex\generic\pgf\math\pgfmathfunctions.base.code.t
ex")
("C:\Program Files\MiKTeX 2.9\tex\generic\pgf\math\pgfmathfunctions.round.code.
tex")
("C:\Program Files\MiKTeX 2.9\tex\generic\pgf\math\pgfmathfunctions.misc.code.t
ex")
("C:\Program Files\MiKTeX 2.9\tex\generic\pgf\math\pgfmathfunctions.integerarit
hmetics.code.tex")))
("C:\Program Files\MiKTeX 2.9\tex\generic\pgf\math\pgfmathfloat.code.tex"
\c@pgfmathroundto@lastzeros=\count100
))
("C:\Program Files\MiKTeX 2.9\tex\generic\pgf\basiclayer\pgfcorepoints.code.tex
"
File: pgfcorepoints.code.tex 2013/10/07  (rcs-revision 1.27)
\pgf@picminx=\dimen116
\pgf@picmaxx=\dimen117
\pgf@picminy=\dimen118
\pgf@picmaxy=\dimen119
\pgf@pathminx=\dimen120
\pgf@pathmaxx=\dimen121
\pgf@pathminy=\dimen122
\pgf@pathmaxy=\dimen123
\pgf@xx=\dimen124
\pgf@xy=\dimen125
\pgf@yx=\dimen126
\pgf@yy=\dimen127
\pgf@zx=\dimen128
\pgf@zy=\dimen129
)
("C:\Program Files\MiKTeX 2.9\tex\generic\pgf\basiclayer\pgfcorepathconstruct.c
ode.tex"
File: pgfcorepathconstruct.code.tex 2013/10/07  (rcs-revision 1.29)
\pgf@path@lastx=\dimen130
\pgf@path@lasty=\dimen131
)
("C:\Program Files\MiKTeX 2.9\tex\generic\pgf\basiclayer\pgfcorepathusage.code.
tex"
File: pgfcorepathusage.code.tex 2013/12/13  (rcs-revision 1.23)
\pgf@shorten@end@additional=\dimen132
\pgf@shorten@start@additional=\dimen133
)
("C:\Program Files\MiKTeX 2.9\tex\generic\pgf\basiclayer\pgfcorescopes.code.tex
"
File: pgfcorescopes.code.tex 2013/10/09  (rcs-revision 1.44)
\pgfpic=\box31
\pgf@hbox=\box32
\pgf@layerbox@main=\box33
\pgf@picture@serial@count=\count101
)
("C:\Program Files\MiKTeX 2.9\tex\generic\pgf\basiclayer\pgfcoregraphicstate.co
de.tex"
File: pgfcoregraphicstate.code.tex 2013/09/19  (rcs-revision 1.11)
\pgflinewidth=\dimen134
)
("C:\Program Files\MiKTeX 2.9\tex\generic\pgf\basiclayer\pgfcoretransformations
.code.tex"
File: pgfcoretransformations.code.tex 2013/10/10  (rcs-revision 1.17)
\pgf@pt@x=\dimen135
\pgf@pt@y=\dimen136
\pgf@pt@temp=\dimen137
)
("C:\Program Files\MiKTeX 2.9\tex\generic\pgf\basiclayer\pgfcorequick.code.tex"
File: pgfcorequick.code.tex 2008/10/09  (rcs-revision 1.3)
)
("C:\Program Files\MiKTeX 2.9\tex\generic\pgf\basiclayer\pgfcoreobjects.code.te
x"
File: pgfcoreobjects.code.tex 2006/10/11  (rcs-revision 1.2)
)
("C:\Program Files\MiKTeX 2.9\tex\generic\pgf\basiclayer\pgfcorepathprocessing.
code.tex"
File: pgfcorepathprocessing.code.tex 2013/09/09  (rcs-revision 1.9)
)
("C:\Program Files\MiKTeX 2.9\tex\generic\pgf\basiclayer\pgfcorearrows.code.tex
"
File: pgfcorearrows.code.tex 2013/11/07  (rcs-revision 1.40)
\pgfarrowsep=\dimen138
)
("C:\Program Files\MiKTeX 2.9\tex\generic\pgf\basiclayer\pgfcoreshade.code.tex"
File: pgfcoreshade.code.tex 2013/07/15  (rcs-revision 1.15)
\pgf@max=\dimen139
\pgf@sys@shading@range@num=\count102
) ("C:\Program Files\MiKTeX 2.9\tex\generic\pgf\basiclayer\pgfcoreimage.code.te
x"
File: pgfcoreimage.code.tex 2013/07/15  (rcs-revision 1.18)

("C:\Program Files\MiKTeX 2.9\tex\generic\pgf\basiclayer\pgfcoreexternal.code.t
ex"
File: pgfcoreexternal.code.tex 2013/07/15  (rcs-revision 1.20)
\pgfexternal@startupbox=\box34
))
("C:\Program Files\MiKTeX 2.9\tex\generic\pgf\basiclayer\pgfcorelayers.code.tex
"
File: pgfcorelayers.code.tex 2013/07/18  (rcs-revision 1.7)
)
("C:\Program Files\MiKTeX 2.9\tex\generic\pgf\basiclayer\pgfcoretransparency.co
de.tex"
File: pgfcoretransparency.code.tex 2013/09/30  (rcs-revision 1.5)
)
("C:\Program Files\MiKTeX 2.9\tex\generic\pgf\basiclayer\pgfcorepatterns.code.t
ex"
File: pgfcorepatterns.code.tex 2013/11/07  (rcs-revision 1.5)
)))
("C:\Program Files\MiKTeX 2.9\tex\generic\pgf\modules\pgfmoduleshapes.code.tex"
File: pgfmoduleshapes.code.tex 2013/10/31  (rcs-revision 1.34)
\pgfnodeparttextbox=\box35
) ("C:\Program Files\MiKTeX 2.9\tex\generic\pgf\modules\pgfmoduleplot.code.tex"
File: pgfmoduleplot.code.tex 2013/07/31  (rcs-revision 1.12)
)
("C:\Program Files\MiKTeX 2.9\tex\latex\pgf\compatibility\pgfcomp-version-0-65.
sty"
Package: pgfcomp-version-0-65 2007/07/03 v3.0.0 (rcs-revision 1.7)
\pgf@nodesepstart=\dimen140
\pgf@nodesepend=\dimen141
)
("C:\Program Files\MiKTeX 2.9\tex\latex\pgf\compatibility\pgfcomp-version-1-18.
sty"
Package: pgfcomp-version-1-18 2007/07/23 v3.0.0 (rcs-revision 1.1)
)) ("C:\Program Files\MiKTeX 2.9\tex\latex\pgf\utilities\pgffor.sty"
("C:\Program Files\MiKTeX 2.9\tex\latex\pgf\utilities\pgfkeys.sty"
("C:\Program Files\MiKTeX 2.9\tex\generic\pgf\utilities\pgfkeys.code.tex"))
("C:\Program Files\MiKTeX 2.9\tex\latex\pgf\math\pgfmath.sty"
("C:\Program Files\MiKTeX 2.9\tex\generic\pgf\math\pgfmath.code.tex"))
("C:\Program Files\MiKTeX 2.9\tex\generic\pgf\utilities\pgffor.code.tex"
Package: pgffor 2013/12/13 v3.0.0 (rcs-revision 1.25)

("C:\Program Files\MiKTeX 2.9\tex\generic\pgf\math\pgfmath.code.tex")
\pgffor@iter=\dimen142
\pgffor@skip=\dimen143
\pgffor@stack=\toks27
\pgffor@toks=\toks28
))
("C:\Program Files\MiKTeX 2.9\tex\generic\pgf\frontendlayer\tikz\tikz.code.tex"
Package: tikz 2013/12/13 v3.0.0 (rcs-revision 1.142)

("C:\Program Files\MiKTeX 2.9\tex\generic\pgf\libraries\pgflibraryplothandlers.
code.tex"
File: pgflibraryplothandlers.code.tex 2013/08/31 v3.0.0 (rcs-revision 1.20)
\pgf@plot@mark@count=\count103
\pgfplotmarksize=\dimen144
)
\tikz@lastx=\dimen145
\tikz@lasty=\dimen146
\tikz@lastxsaved=\dimen147
\tikz@lastysaved=\dimen148
\tikzleveldistance=\dimen149
\tikzsiblingdistance=\dimen150
\tikz@figbox=\box36
\tikz@figbox@bg=\box37
\tikz@tempbox=\box38
\tikz@tempbox@bg=\box39
\tikztreelevel=\count104
\tikznumberofchildren=\count105
\tikznumberofcurrentchild=\count106
\tikz@fig@count=\count107

("C:\Program Files\MiKTeX 2.9\tex\generic\pgf\modules\pgfmodulematrix.code.tex"
File: pgfmodulematrix.code.tex 2013/09/17  (rcs-revision 1.8)
\pgfmatrixcurrentrow=\count108
\pgfmatrixcurrentcolumn=\count109
\pgf@matrix@numberofcolumns=\count110
)
\tikz@expandcount=\count111

("C:\Program Files\MiKTeX 2.9\tex\generic\pgf\frontendlayer\tikz\libraries\tikz
librarytopaths.code.tex"
File: tikzlibrarytopaths.code.tex 2008/06/17 v3.0.0 (rcs-revision 1.2)
)))
("C:\Program Files\MiKTeX 2.9\tex\generic\pgfplots\pgfplots.code.tex"
("C:\Program Files\MiKTeX 2.9\tex\generic\pgfplots\pgfplotscore.code.tex"
\t@pgfplots@toka=\toks29
\t@pgfplots@tokb=\toks30
\t@pgfplots@tokc=\toks31
\pgfplots@tmpa=\dimen151
\c@pgfplots@coordindex=\count112
\c@pgfplots@scanlineindex=\count113

("C:\Program Files\MiKTeX 2.9\tex\generic\pgfplots\sys\pgfplotssysgeneric.code.
tex"))
("C:\Program Files\MiKTeX 2.9\tex\generic\pgfplots\libs\pgfplotslibrary.code.te
x")
("C:\Program Files\MiKTeX 2.9\tex\generic\pgfplots\oldpgfcompatib\pgfplotsoldpg
fsupp_loader.code.tex"
("C:\Program Files\MiKTeX 2.9\tex\generic\pgf\libraries\pgflibraryfpu.code.tex"
)
Package pgfplots: loading complementary arithmetics for your pgf version...

("C:\Program Files\MiKTeX 2.9\tex\generic\pgfplots\oldpgfcompatib\pgfplotsoldpg
fsupp_pgflibraryfpu.code.tex")
("C:\Program Files\MiKTeX 2.9\tex\generic\pgfplots\oldpgfcompatib\pgfplotsoldpg
fsupp_pgfmathfloat.code.tex"
\c@pgfmathroundto@lastzeros=\count114
)
("C:\Program Files\MiKTeX 2.9\tex\generic\pgfplots\oldpgfcompatib\pgfplotsoldpg
fsupp_trig_format.code.tex"))
("C:\Program Files\MiKTeX 2.9\tex\generic\pgfplots\util\pgfplotsutil.code.tex"
("C:\Program Files\MiKTeX 2.9\tex\generic\pgfplots\liststructure\pgfplotslistst
ructure.code.tex")
("C:\Program Files\MiKTeX 2.9\tex\generic\pgfplots\liststructure\pgfplotslistst
ructureext.code.tex")
("C:\Program Files\MiKTeX 2.9\tex\generic\pgfplots\liststructure\pgfplotsarray.
code.tex"
\c@pgfplotsarray@tmp=\count115
)
("C:\Program Files\MiKTeX 2.9\tex\generic\pgfplots\liststructure\pgfplotsmatrix
.code.tex")
("C:\Program Files\MiKTeX 2.9\tex\generic\pgfplots\numtable\pgfplotstableshared
.code.tex"
\c@pgfplotstable@counta=\count116
\t@pgfplotstable@a=\toks32
)
("C:\Program Files\MiKTeX 2.9\tex\generic\pgfplots\liststructure\pgfplotsdeque.
code.tex")
("C:\Program Files\MiKTeX 2.9\tex\generic\pgfplots\util\pgfplotsbinary.code.tex
"
("C:\Program Files\MiKTeX 2.9\tex\generic\pgfplots\util\pgfplotsbinary.data.cod
e.tex"))
("C:\Program Files\MiKTeX 2.9\tex\generic\pgfplots\util\pgfplotsutil.verb.code.
tex")
("C:\Program Files\MiKTeX 2.9\tex\generic\pgfplots\libs\pgflibrarypgfplots.surf
shading.code.tex"
\c@pgfplotslibrarysurf@no=\count117

("C:\Program Files\MiKTeX 2.9\tex\generic\pgfplots\sys\pgflibrarypgfplots.surfs
hading.pgfsys-pdftex.def")))
("C:\Program Files\MiKTeX 2.9\tex\generic\pgfplots\util\pgfplotscolormap.code.t
ex"
("C:\Program Files\MiKTeX 2.9\tex\generic\pgfplots\util\pgfplotscolor.code.tex"
))
("C:\Program Files\MiKTeX 2.9\tex\generic\pgfplots\pgfplotsstackedplots.code.te
x")
("C:\Program Files\MiKTeX 2.9\tex\generic\pgfplots\pgfplotsplothandlers.code.te
x"
("C:\Program Files\MiKTeX 2.9\tex\generic\pgfplots\pgfplotsmeshplothandler.code
.tex"))
("C:\Program Files\MiKTeX 2.9\tex\generic\pgfplots\pgfplots.scaling.code.tex")
("C:\Program Files\MiKTeX 2.9\tex\generic\pgfplots\pgfplotscoordprocessing.code
.tex")
("C:\Program Files\MiKTeX 2.9\tex\generic\pgfplots\pgfplots.errorbars.code.tex"
) ("C:\Program Files\MiKTeX 2.9\tex\generic\pgfplots\pgfplots.markers.code.tex"
) ("C:\Program Files\MiKTeX 2.9\tex\generic\pgfplots\pgfplotsticks.code.tex")
("C:\Program Files\MiKTeX 2.9\tex\generic\pgfplots\pgfplots.paths.code.tex")
("C:\Program Files\MiKTeX 2.9\tex\generic\pgf\frontendlayer\tikz\libraries\tikz
librarydecorations.code.tex"
("C:\Program Files\MiKTeX 2.9\tex\generic\pgf\modules\pgfmoduledecorations.code
.tex"
\pgfdecoratedcompleteddistance=\dimen152
\pgfdecoratedremainingdistance=\dimen153
\pgfdecoratedinputsegmentcompleteddistance=\dimen154
\pgfdecoratedinputsegmentremainingdistance=\dimen155
\pgf@decorate@distancetomove=\dimen156
\pgf@decorate@repeatstate=\count118
\pgfdecorationsegmentamplitude=\dimen157
\pgfdecorationsegmentlength=\dimen158
)
\tikz@lib@dec@box=\box40
)
("C:\Program Files\MiKTeX 2.9\tex\generic\pgf\frontendlayer\tikz\libraries\tikz
librarydecorations.pathmorphing.code.tex"
("C:\Program Files\MiKTeX 2.9\tex\generic\pgf\libraries\decorations\pgflibraryd
ecorations.pathmorphing.code.tex"))
("C:\Program Files\MiKTeX 2.9\tex\generic\pgf\frontendlayer\tikz\libraries\tikz
librarydecorations.pathreplacing.code.tex"
("C:\Program Files\MiKTeX 2.9\tex\generic\pgf\libraries\decorations\pgflibraryd
ecorations.pathreplacing.code.tex"))
\pgfplots@numplots=\count119
\pgfplots@xmin@reg=\dimen159
\pgfplots@xmax@reg=\dimen160
\pgfplots@ymin@reg=\dimen161
\pgfplots@ymax@reg=\dimen162
\pgfplots@zmin@reg=\dimen163
\pgfplots@zmax@reg=\dimen164
)
("C:\Program Files\MiKTeX 2.9\tex\generic\pgf\frontendlayer\tikz\libraries\tikz
libraryplotmarks.code.tex"
File: tikzlibraryplotmarks.code.tex 2008/01/09 v3.0.0 (rcs-revision 1.1)

("C:\Program Files\MiKTeX 2.9\tex\generic\pgf\libraries\pgflibraryplotmarks.cod
e.tex"
File: pgflibraryplotmarks.code.tex 2013/07/20 v3.0.0 (rcs-revision 1.13)
))) ("C:\Program Files\MiKTeX 2.9\tex\latex\tikzscale\tikzscale.sty"
Package: tikzscale 2013/05/22 v0.2.6 tikzscale LaTeX package

("C:\Program Files\MiKTeX 2.9\tex\latex\etoolbox\etoolbox.sty"
Package: etoolbox 2015/03/10 v2.1b e-TeX tools for LaTeX (JAW)

("C:\Program Files\MiKTeX 2.9\tex\latex\misc\etex.sty"
Package: etex 2015/03/02 v2.1 eTeX basic definition package (PEB,DPC)
\et@xins=\count120
)
\etb@tempcnta=\count121
)
("C:\Program Files\MiKTeX 2.9\tex\latex\l3packages\xparse\xparse.sty"
("C:\Program Files\MiKTeX 2.9\tex\latex\l3kernel\expl3.sty"
Package: expl3 2015/03/01 v5547 L3 programming layer (loader) 

("C:\Program Files\MiKTeX 2.9\tex\latex\l3kernel\expl3-code.tex"
Package: expl3 2015/03/01 v5547 L3 programming layer (code) 
L3 Module: l3bootstrap 2015/02/28 v5542 L3 Bootstrap code
L3 Module: l3names 2015/02/24 v5535 L3 Namespace for primitives
L3 Module: l3basics 2015/01/27 v5500 L3 Basic definitions
L3 Module: l3expan 2014/11/27 v5472 L3 Argument expansion
L3 Module: l3tl 2015/01/27 v5500 L3 Token lists
L3 Module: l3str 2015/03/01 v5545 L3 Strings
L3 Module: l3seq 2014/08/23 v5354 L3 Sequences and stacks
L3 Module: l3int 2015/02/21 v5529 L3 Integers
\c_max_int=\count122
\l_tmpa_int=\count123
\l_tmpb_int=\count124
\g_tmpa_int=\count125
\g_tmpb_int=\count126
L3 Module: l3quark 2014/08/23 v5354 L3 Quarks
L3 Module: l3prg 2014/08/23 v5354 L3 Control structures
\g__prg_map_int=\count127
L3 Module: l3clist 2014/08/23 v5354 L3 Comma separated lists
L3 Module: l3token 2014/09/15 v5422 L3 Experimental token manipulation
L3 Module: l3prop 2014/08/23 v5354 L3 Property lists
L3 Module: l3msg 2015/02/26 v5537 L3 Messages
L3 Module: l3file 2014/08/24 v5369 L3 File and I/O operations
\l_iow_line_count_int=\count128
\l__iow_target_count_int=\count129
\l__iow_current_line_int=\count130
\l__iow_current_word_int=\count131
\l__iow_current_indentation_int=\count132
L3 Module: l3skip 2014/08/23 v5354 L3 Dimensions and skips
\c_zero_dim=\dimen165
\c_max_dim=\dimen166
\l_tmpa_dim=\dimen167
\l_tmpb_dim=\dimen168
\g_tmpa_dim=\dimen169
\g_tmpb_dim=\dimen170
\c_zero_skip=\skip43
\c_max_skip=\skip44
\l_tmpa_skip=\skip45
\l_tmpb_skip=\skip46
\g_tmpa_skip=\skip47
\g_tmpb_skip=\skip48
\c_zero_muskip=\muskip10
\c_max_muskip=\muskip11
\l_tmpa_muskip=\muskip12
\l_tmpb_muskip=\muskip13
\g_tmpa_muskip=\muskip14
\g_tmpb_muskip=\muskip15
L3 Module: l3keys 2015/01/27 v5500 L3 Key-value interfaces
\g__keyval_level_int=\count133
\l_keys_choice_int=\count134
L3 Module: l3fp 2014/08/22 v5336 L3 Floating points
\c__fp_leading_shift_int=\count135
\c__fp_middle_shift_int=\count136
\c__fp_trailing_shift_int=\count137
\c__fp_big_leading_shift_int=\count138
\c__fp_big_middle_shift_int=\count139
\c__fp_big_trailing_shift_int=\count140
\c__fp_Bigg_leading_shift_int=\count141
\c__fp_Bigg_middle_shift_int=\count142
\c__fp_Bigg_trailing_shift_int=\count143
L3 Module: l3box 2014/08/23 v5354 L3 Experimental boxes
\c_empty_box=\box41
\l_tmpa_box=\box42
\l_tmpb_box=\box43
\g_tmpa_box=\box44
\g_tmpb_box=\box45
L3 Module: l3coffins 2014/08/23 v5354 L3 Coffin code layer
\l__coffin_internal_box=\box46
\l__coffin_internal_dim=\dimen171
\l__coffin_offset_x_dim=\dimen172
\l__coffin_offset_y_dim=\dimen173
\l__coffin_x_dim=\dimen174
\l__coffin_y_dim=\dimen175
\l__coffin_x_prime_dim=\dimen176
\l__coffin_y_prime_dim=\dimen177
\c_empty_coffin=\box47
\l__coffin_aligned_coffin=\box48
\l__coffin_aligned_internal_coffin=\box49
\l_tmpa_coffin=\box50
\l_tmpb_coffin=\box51
\l__coffin_display_coffin=\box52
\l__coffin_display_coord_coffin=\box53
\l__coffin_display_pole_coffin=\box54
\l__coffin_display_offset_dim=\dimen178
\l__coffin_display_x_dim=\dimen179
\l__coffin_display_y_dim=\dimen180
L3 Module: l3color 2014/08/23 v5354 L3 Experimental color support
L3 Module: l3candidates 2015/03/01 v5544 L3 Experimental additions to l3kernel
\l__box_top_dim=\dimen181
\l__box_bottom_dim=\dimen182
\l__box_left_dim=\dimen183
\l__box_right_dim=\dimen184
\l__box_top_new_dim=\dimen185
\l__box_bottom_new_dim=\dimen186
\l__box_left_new_dim=\dimen187
\l__box_right_new_dim=\dimen188
\l__box_internal_box=\box55
\l__coffin_bounding_shift_dim=\dimen189
\l__coffin_left_corner_dim=\dimen190
\l__coffin_right_corner_dim=\dimen191
\l__coffin_bottom_corner_dim=\dimen192
\l__coffin_top_corner_dim=\dimen193
\l__coffin_scaled_total_height_dim=\dimen194
\l__coffin_scaled_width_dim=\dimen195
)
("C:\Program Files\MiKTeX 2.9\tex\latex\l3kernel\l3unicode-data.def"
File: l3unicode-data.def 2015/03/01 v5544 L3 Unicode data
)
("C:\Program Files\MiKTeX 2.9\tex\latex\l3kernel\l3pdfmode.def"
File: l3pdfmode.def 2015/03/01 v5544 L3 Experimental driver: PDF mode
\l__driver_color_stack_int=\count144
))
Package: xparse 2014/11/25 v5471 L3 Experimental document command parser
\l__xparse_current_arg_int=\count145
\l__xparse_m_args_int=\count146
\l__xparse_mandatory_args_int=\count147
\l__xparse_processor_int=\count148
\l__xparse_v_nesting_int=\count149
)
("C:\Program Files\MiKTeX 2.9\tex\latex\oberdiek\letltxmacro.sty"
Package: letltxmacro 2010/09/02 v1.4 Let assignment for LaTeX macros (HO)
)
("C:\Program Files\MiKTeX 2.9\tex\latex\xstring\xstring.sty"
("C:\Program Files\MiKTeX 2.9\tex\generic\xstring\xstring.tex"
\@xs@message=\write5
\integerpart=\count150
\decimalpart=\count151
)
Package: xstring 2013/10/13  v1.7c  String manipulations (C Tellechea)
)
.................................................
. LaTeX info: "xparse/define-command"
. 
. Defining command \tikzscale@forGroupListElement with sig.
. 'mgu{\tikzscale@endList }' on line 65.
.................................................
.................................................
. LaTeX info: "xparse/define-command"
. 
. Defining command \elseif with sig. 'mm' on line 88.
.................................................
.................................................
. LaTeX info: "xparse/define-command"
. 
. Defining command \elseif@optional with sig. 'gg' on line 102.
.................................................
.................................................
. LaTeX info: "xparse/define-command"
. 
. Defining command \elseif@absorb with sig. 'g' on line 107.
.................................................
.................................................
. LaTeX info: "xparse/define-command"
. 
. Defining command \IfNoValueOrSplitEmptyTF with sig. 'mmm' on line 115.
.................................................
.................................................
. LaTeX info: "xparse/define-command"
. 
. Defining command \tikzscale@includegraphics with sig. 'O{}m' on line 186.
.................................................
.................................................
. LaTeX info: "xparse/define-command"
. 
. Defining command \tikzscale@findExactFileName with sig. 'mm' on line 232.
.................................................
.................................................
. LaTeX info: "xparse/define-command"
. 
. Defining command \tikzscale@setGraphicsPath with sig. '' on line 250.
.................................................
.................................................
. LaTeX info: "xparse/define-command"
. 
. Defining command \tikzscale@isTikzFile with sig. 'mm' on line 260.
.................................................
.................................................
. LaTeX info: "xparse/define-command"
. 
. Defining command \tikzscale@includetikzWithExternalization with sig. 'm' on
. line 314.
.................................................
.................................................
. LaTeX info: "xparse/define-command"
. 
. Defining command \tikzscale@checkRequestedSizeChanges with sig. '' on line
. 350.
.................................................
.................................................
. LaTeX info: "xparse/define-command"
. 
. Defining command \tikzscale@preparePlot with sig. '' on line 353.
.................................................
.................................................
. LaTeX info: "xparse/define-command"
. 
. Defining command \tikzscale@prepareTikzpicture with sig. '' on line 356.
.................................................
.................................................
. LaTeX info: "xparse/define-command"
. 
. Defining command \tikzscale@includeNormalTikzpicture with sig. 'm' on line
. 368.
.................................................
.................................................
. LaTeX info: "xparse/define-command"
. 
. Defining command \tikzscale@invalidKeyError with sig. 'm' on line 371.
.................................................
.................................................
. LaTeX info: "xparse/define-command"
. 
. Defining command \tikzscale@includeAxisRatio with sig. 'm' on line 387.
.................................................
.................................................
. LaTeX info: "xparse/define-command"
. 
. Defining command \tikzscale@scaleTikzpictureTo with sig. 'mmm' on line 419.
.................................................
.................................................
. LaTeX info: "xparse/define-command"
. 
. Defining command \tikzscale@resizePlotTo with sig. 'm' on line 475.
.................................................
.................................................
. LaTeX info: "xparse/define-command"
. 
. Defining command \tikzscale@resizePlotWithAxesRatioTo with sig. 'mmmm' on
. line 517.
.................................................
\tikzscale@measuredSize=\box56
.................................................
. LaTeX info: "xparse/define-command"
. 
. Defining command \tikzscale@conditionalDisableExternalization with sig. ''
. on line 552.
.................................................
.................................................
. LaTeX info: "xparse/define-command"
. 
. Defining command \tikzscale@conditionalEnableExternalization with sig. 'm'
. on line 564.
.................................................
)
("C:\Program Files\MiKTeX 2.9\tex\latex\pgfplots\pgfplotstable.sty"
("C:\Program Files\MiKTeX 2.9\tex\generic\pgfplots\pgfplots.revision.tex")
Package: pgfplotstable 2015/01/31 v1.12 Table typesetting and Pretty-printing (
1.12)

("C:\Program Files\MiKTeX 2.9\tex\generic\pgfplots\numtable\pgfplotstable.code.
tex"
("C:\Program Files\MiKTeX 2.9\tex\generic\pgfplots\numtable\pgfplotstable.colty
pe.code.tex")) ("C:\Program Files\MiKTeX 2.9\tex\latex\tools\array.sty"
Package: array 2014/10/28 v2.4c Tabular extension package (FMi)
\col@sep=\dimen196
\extrarowheight=\dimen197
\NC@list=\toks33
\extratabsurround=\skip49
\backup@length=\skip50
))
("C:\Program Files\MiKTeX 2.9\tex\latex\booktabs\booktabs.sty"
Package: booktabs 2005/04/14 v1.61803 publication quality tables
\heavyrulewidth=\dimen198
\lightrulewidth=\dimen199
\cmidrulewidth=\dimen200
\belowrulesep=\dimen201
Normal \dimen register pool exhausted, switching to extended pool.
\belowbottomsep=\dimen256
\aboverulesep=\dimen257
\abovetopsep=\dimen258
\cmidrulesep=\dimen259
\cmidrulekern=\dimen260
\defaultaddspace=\dimen261
\@cmidla=\count152
\@cmidlb=\count153
\@aboverulesep=\dimen262
\@belowrulesep=\dimen263
\@thisruleclass=\count154
\@lastruleclass=\count155
\@thisrulewidth=\dimen264
)
("C:\Program Files\MiKTeX 2.9\tex\latex\caption\caption.sty"
Package: caption 2013/05/02 v3.3-89 Customizing captions (AR)

("C:\Program Files\MiKTeX 2.9\tex\latex\caption\caption3.sty"
Package: caption3 2013/05/02 v1.6-88 caption3 kernel (AR)
Package caption3 Info: TeX engine: e-TeX on input line 57.
\captionmargin=\dimen265
\captionmargin@=\dimen266
\captionwidth=\dimen267
\caption@tempdima=\dimen268
\caption@indent=\dimen269
\caption@parindent=\dimen270
\caption@hangindent=\dimen271
)
\c@ContinuedFloat=\count156
Package caption Info: float package is loaded.
)
("C:\Program Files\MiKTeX 2.9\tex\latex\base\inputenc.sty"
Package: inputenc 2014/04/30 v1.2b Input encoding file
\inpenc@prehook=\toks34
\inpenc@posthook=\toks35

("C:\Program Files\MiKTeX 2.9\tex\latex\base\utf8.def"
File: utf8.def 2014/09/29 v1.1m UTF-8 support for inputenc
Now handling font encoding OML ...
... no UTF-8 mapping file for font encoding OML
Now handling font encoding T1 ...
... processing UTF-8 mapping file for font encoding T1

("C:\Program Files\MiKTeX 2.9\tex\latex\base\t1enc.dfu"
File: t1enc.dfu 2014/09/29 v1.1m UTF-8 support for inputenc
   defining Unicode char U+00A1 (decimal 161)
   defining Unicode char U+00A3 (decimal 163)
   defining Unicode char U+00AB (decimal 171)
   defining Unicode char U+00BB (decimal 187)
   defining Unicode char U+00BF (decimal 191)
   defining Unicode char U+00C0 (decimal 192)
   defining Unicode char U+00C1 (decimal 193)
   defining Unicode char U+00C2 (decimal 194)
   defining Unicode char U+00C3 (decimal 195)
   defining Unicode char U+00C4 (decimal 196)
   defining Unicode char U+00C5 (decimal 197)
   defining Unicode char U+00C6 (decimal 198)
   defining Unicode char U+00C7 (decimal 199)
   defining Unicode char U+00C8 (decimal 200)
   defining Unicode char U+00C9 (decimal 201)
   defining Unicode char U+00CA (decimal 202)
   defining Unicode char U+00CB (decimal 203)
   defining Unicode char U+00CC (decimal 204)
   defining Unicode char U+00CD (decimal 205)
   defining Unicode char U+00CE (decimal 206)
   defining Unicode char U+00CF (decimal 207)
   defining Unicode char U+00D0 (decimal 208)
   defining Unicode char U+00D1 (decimal 209)
   defining Unicode char U+00D2 (decimal 210)
   defining Unicode char U+00D3 (decimal 211)
   defining Unicode char U+00D4 (decimal 212)
   defining Unicode char U+00D5 (decimal 213)
   defining Unicode char U+00D6 (decimal 214)
   defining Unicode char U+00D8 (decimal 216)
   defining Unicode char U+00D9 (decimal 217)
   defining Unicode char U+00DA (decimal 218)
   defining Unicode char U+00DB (decimal 219)
   defining Unicode char U+00DC (decimal 220)
   defining Unicode char U+00DD (decimal 221)
   defining Unicode char U+00DE (decimal 222)
   defining Unicode char U+00DF (decimal 223)
   defining Unicode char U+00E0 (decimal 224)
   defining Unicode char U+00E1 (decimal 225)
   defining Unicode char U+00E2 (decimal 226)
   defining Unicode char U+00E3 (decimal 227)
   defining Unicode char U+00E4 (decimal 228)
   defining Unicode char U+00E5 (decimal 229)
   defining Unicode char U+00E6 (decimal 230)
   defining Unicode char U+00E7 (decimal 231)
   defining Unicode char U+00E8 (decimal 232)
   defining Unicode char U+00E9 (decimal 233)
   defining Unicode char U+00EA (decimal 234)
   defining Unicode char U+00EB (decimal 235)
   defining Unicode char U+00EC (decimal 236)
   defining Unicode char U+00ED (decimal 237)
   defining Unicode char U+00EE (decimal 238)
   defining Unicode char U+00EF (decimal 239)
   defining Unicode char U+00F0 (decimal 240)
   defining Unicode char U+00F1 (decimal 241)
   defining Unicode char U+00F2 (decimal 242)
   defining Unicode char U+00F3 (decimal 243)
   defining Unicode char U+00F4 (decimal 244)
   defining Unicode char U+00F5 (decimal 245)
   defining Unicode char U+00F6 (decimal 246)
   defining Unicode char U+00F8 (decimal 248)
   defining Unicode char U+00F9 (decimal 249)
   defining Unicode char U+00FA (decimal 250)
   defining Unicode char U+00FB (decimal 251)
   defining Unicode char U+00FC (decimal 252)
   defining Unicode char U+00FD (decimal 253)
   defining Unicode char U+00FE (decimal 254)
   defining Unicode char U+00FF (decimal 255)
   defining Unicode char U+0102 (decimal 258)
   defining Unicode char U+0103 (decimal 259)
   defining Unicode char U+0104 (decimal 260)
   defining Unicode char U+0105 (decimal 261)
   defining Unicode char U+0106 (decimal 262)
   defining Unicode char U+0107 (decimal 263)
   defining Unicode char U+010C (decimal 268)
   defining Unicode char U+010D (decimal 269)
   defining Unicode char U+010E (decimal 270)
   defining Unicode char U+010F (decimal 271)
   defining Unicode char U+0110 (decimal 272)
   defining Unicode char U+0111 (decimal 273)
   defining Unicode char U+0118 (decimal 280)
   defining Unicode char U+0119 (decimal 281)
   defining Unicode char U+011A (decimal 282)
   defining Unicode char U+011B (decimal 283)
   defining Unicode char U+011E (decimal 286)
   defining Unicode char U+011F (decimal 287)
   defining Unicode char U+0130 (decimal 304)
   defining Unicode char U+0131 (decimal 305)
   defining Unicode char U+0132 (decimal 306)
   defining Unicode char U+0133 (decimal 307)
   defining Unicode char U+0139 (decimal 313)
   defining Unicode char U+013A (decimal 314)
   defining Unicode char U+013D (decimal 317)
   defining Unicode char U+013E (decimal 318)
   defining Unicode char U+0141 (decimal 321)
   defining Unicode char U+0142 (decimal 322)
   defining Unicode char U+0143 (decimal 323)
   defining Unicode char U+0144 (decimal 324)
   defining Unicode char U+0147 (decimal 327)
   defining Unicode char U+0148 (decimal 328)
   defining Unicode char U+014A (decimal 330)
   defining Unicode char U+014B (decimal 331)
   defining Unicode char U+0150 (decimal 336)
   defining Unicode char U+0151 (decimal 337)
   defining Unicode char U+0152 (decimal 338)
   defining Unicode char U+0153 (decimal 339)
   defining Unicode char U+0154 (decimal 340)
   defining Unicode char U+0155 (decimal 341)
   defining Unicode char U+0158 (decimal 344)
   defining Unicode char U+0159 (decimal 345)
   defining Unicode char U+015A (decimal 346)
   defining Unicode char U+015B (decimal 347)
   defining Unicode char U+015E (decimal 350)
   defining Unicode char U+015F (decimal 351)
   defining Unicode char U+0160 (decimal 352)
   defining Unicode char U+0161 (decimal 353)
   defining Unicode char U+0162 (decimal 354)
   defining Unicode char U+0163 (decimal 355)
   defining Unicode char U+0164 (decimal 356)
   defining Unicode char U+0165 (decimal 357)
   defining Unicode char U+016E (decimal 366)
   defining Unicode char U+016F (decimal 367)
   defining Unicode char U+0170 (decimal 368)
   defining Unicode char U+0171 (decimal 369)
   defining Unicode char U+0178 (decimal 376)
   defining Unicode char U+0179 (decimal 377)
   defining Unicode char U+017A (decimal 378)
   defining Unicode char U+017B (decimal 379)
   defining Unicode char U+017C (decimal 380)
   defining Unicode char U+017D (decimal 381)
   defining Unicode char U+017E (decimal 382)
   defining Unicode char U+200C (decimal 8204)
   defining Unicode char U+2013 (decimal 8211)
   defining Unicode char U+2014 (decimal 8212)
   defining Unicode char U+2018 (decimal 8216)
   defining Unicode char U+2019 (decimal 8217)
   defining Unicode char U+201A (decimal 8218)
   defining Unicode char U+201C (decimal 8220)
   defining Unicode char U+201D (decimal 8221)
   defining Unicode char U+201E (decimal 8222)
   defining Unicode char U+2030 (decimal 8240)
   defining Unicode char U+2031 (decimal 8241)
   defining Unicode char U+2039 (decimal 8249)
   defining Unicode char U+203A (decimal 8250)
   defining Unicode char U+2423 (decimal 9251)
)
Now handling font encoding OT1 ...
... processing UTF-8 mapping file for font encoding OT1

("C:\Program Files\MiKTeX 2.9\tex\latex\base\ot1enc.dfu"
File: ot1enc.dfu 2014/09/29 v1.1m UTF-8 support for inputenc
   defining Unicode char U+00A1 (decimal 161)
   defining Unicode char U+00A3 (decimal 163)
   defining Unicode char U+00B8 (decimal 184)
   defining Unicode char U+00BF (decimal 191)
   defining Unicode char U+00C5 (decimal 197)
   defining Unicode char U+00C6 (decimal 198)
   defining Unicode char U+00D8 (decimal 216)
   defining Unicode char U+00DF (decimal 223)
   defining Unicode char U+00E6 (decimal 230)
   defining Unicode char U+00EC (decimal 236)
   defining Unicode char U+00ED (decimal 237)
   defining Unicode char U+00EE (decimal 238)
   defining Unicode char U+00EF (decimal 239)
   defining Unicode char U+00F8 (decimal 248)
   defining Unicode char U+0131 (decimal 305)
   defining Unicode char U+0141 (decimal 321)
   defining Unicode char U+0142 (decimal 322)
   defining Unicode char U+0152 (decimal 338)
   defining Unicode char U+0153 (decimal 339)
   defining Unicode char U+2013 (decimal 8211)
   defining Unicode char U+2014 (decimal 8212)
   defining Unicode char U+2018 (decimal 8216)
   defining Unicode char U+2019 (decimal 8217)
   defining Unicode char U+201C (decimal 8220)
   defining Unicode char U+201D (decimal 8221)
)
Now handling font encoding OMS ...
... processing UTF-8 mapping file for font encoding OMS

("C:\Program Files\MiKTeX 2.9\tex\latex\base\omsenc.dfu"
File: omsenc.dfu 2014/09/29 v1.1m UTF-8 support for inputenc
   defining Unicode char U+00A7 (decimal 167)
   defining Unicode char U+00B6 (decimal 182)
   defining Unicode char U+00B7 (decimal 183)
   defining Unicode char U+2020 (decimal 8224)
   defining Unicode char U+2021 (decimal 8225)
   defining Unicode char U+2022 (decimal 8226)
)
Now handling font encoding OMX ...
... no UTF-8 mapping file for font encoding OMX
Now handling font encoding U ...
... no UTF-8 mapping file for font encoding U
   defining Unicode char U+00A9 (decimal 169)
   defining Unicode char U+00AA (decimal 170)
   defining Unicode char U+00AE (decimal 174)
   defining Unicode char U+00BA (decimal 186)
   defining Unicode char U+02C6 (decimal 710)
   defining Unicode char U+02DC (decimal 732)
   defining Unicode char U+200C (decimal 8204)
   defining Unicode char U+2026 (decimal 8230)
   defining Unicode char U+2122 (decimal 8482)
   defining Unicode char U+2423 (decimal 9251)
))
("C:\Program Files\MiKTeX 2.9\tex\latex\babel\babel.sty"
Package: babel 2014/09/25 3.9l The Babel package

*************************************
* Local config file bblopts.cfg used
*
("C:\Program Files\MiKTeX 2.9\tex\latex\00miktex\bblopts.cfg"
File: bblopts.cfg 2006/07/31 v1.0 MiKTeX 'babel' configuration
)
("C:\Program Files\MiKTeX 2.9\tex\latex\babel-portuges\portuges.ldf"
Language: portuges 2008/03/18 v1.2q Portuguese support from the babel system

("C:\Program Files\MiKTeX 2.9\tex\latex\babel\babel.def"
File: babel.def 2014/09/25 3.9l Babel common definitions
\babel@savecnt=\count157
\U@D=\dimen272
)
Package babel Info: Making " an active character on input line 145.
))
("C:\Program Files\MiKTeX 2.9\tex\latex\psnfss\times.sty"
Package: times 2005/04/12 PSNFSS-v9.2a (SPQR) 
)
("C:\Program Files\MiKTeX 2.9\tex\latex\url\url.sty"
\Urlmuskip=\muskip16
Package: url 2013/09/16  ver 3.4  Verb mode for urls, etc.
)
("C:\Program Files\MiKTeX 2.9\tex\latex\geometry\geometry.sty"
Package: geometry 2010/09/12 v5.6 Page Geometry

("C:\Program Files\MiKTeX 2.9\tex\generic\oberdiek\ifpdf.sty"
Package: ifpdf 2011/01/30 v2.3 Provides the ifpdf switch (HO)
Package ifpdf Info: pdfTeX in PDF mode is detected.
)
("C:\Program Files\MiKTeX 2.9\tex\generic\oberdiek\ifvtex.sty"
Package: ifvtex 2010/03/01 v1.5 Detect VTeX and its facilities (HO)
Package ifvtex Info: VTeX not detected.
)
("C:\Program Files\MiKTeX 2.9\tex\generic\ifxetex\ifxetex.sty"
Package: ifxetex 2010/09/12 v0.6 Provides ifxetex conditional
)
\Gm@cnth=\count158
\Gm@cntv=\count159
\c@Gm@tempcnt=\count160
\Gm@bindingoffset=\dimen273
\Gm@wd@mp=\dimen274
\Gm@odd@mp=\dimen275
\Gm@even@mp=\dimen276
\Gm@layoutwidth=\dimen277
\Gm@layoutheight=\dimen278
\Gm@layouthoffset=\dimen279
\Gm@layoutvoffset=\dimen280
\Gm@dimlist=\toks36

("C:\Program Files\MiKTeX 2.9\tex\latex\geometry\geometry.cfg"))
("C:\Program Files\MiKTeX 2.9\tex\latex\titlesec\titlesec.sty"
Package: titlesec 2011/12/15 v2.10.0 Sectioning titles
\ttl@box=\box57
\beforetitleunit=\skip51
\aftertitleunit=\skip52
\ttl@plus=\dimen281
\ttl@minus=\dimen282
\ttl@toksa=\toks37
\titlewidth=\dimen283
\titlewidthlast=\dimen284
\titlewidthfirst=\dimen285
)
("C:\Program Files\MiKTeX 2.9\tex\latex\mathtools\mathtools.sty"
Package: mathtools 2014/07/16 v1.15 mathematical typesetting tools

("C:\Program Files\MiKTeX 2.9\tex\latex\tools\calc.sty"
Package: calc 2014/10/28 v4.3 Infix arithmetic (KKT,FJ)
\calc@Acount=\count161
\calc@Bcount=\count162
\calc@Adimen=\dimen286
\calc@Bdimen=\dimen287
\calc@Askip=\skip53
\calc@Bskip=\skip54
LaTeX Info: Redefining \setlength on input line 75.
LaTeX Info: Redefining \addtolength on input line 76.
\calc@Ccount=\count163
\calc@Cskip=\skip55
)
("C:\Program Files\MiKTeX 2.9\tex\latex\mathtools\mhsetup.sty"
Package: mhsetup 2010/01/21 v1.2a programming setup (MH)
)
("C:\Program Files\MiKTeX 2.9\tex\latex\amsmath\amsmath.sty"
Package: amsmath 2013/01/14 v2.14 AMS math features
\@mathmargin=\skip56

For additional information on amsmath, use the `?' option.
("C:\Program Files\MiKTeX 2.9\tex\latex\amsmath\amstext.sty"
Package: amstext 2000/06/29 v2.01

("C:\Program Files\MiKTeX 2.9\tex\latex\amsmath\amsgen.sty"
File: amsgen.sty 1999/11/30 v2.0
\@emptytoks=\toks38
\ex@=\dimen288
))
("C:\Program Files\MiKTeX 2.9\tex\latex\amsmath\amsbsy.sty"
Package: amsbsy 1999/11/29 v1.2d
\pmbraise@=\dimen289
)
("C:\Program Files\MiKTeX 2.9\tex\latex\amsmath\amsopn.sty"
Package: amsopn 1999/12/14 v2.01 operator names
)
\inf@bad=\count164
LaTeX Info: Redefining \frac on input line 210.
\uproot@=\count165
\leftroot@=\count166
LaTeX Info: Redefining \overline on input line 306.
\classnum@=\count167
\DOTSCASE@=\count168
LaTeX Info: Redefining \ldots on input line 378.
LaTeX Info: Redefining \dots on input line 381.
LaTeX Info: Redefining \cdots on input line 466.
\Mathstrutbox@=\box58
\strutbox@=\box59
\big@size=\dimen290
LaTeX Font Info:    Redeclaring font encoding OML on input line 566.
LaTeX Font Info:    Redeclaring font encoding OMS on input line 567.
\macc@depth=\count169
\c@MaxMatrixCols=\count170
\dotsspace@=\muskip17
\c@parentequation=\count171
\dspbrk@lvl=\count172
\tag@help=\toks39
\row@=\count173
\column@=\count174
\maxfields@=\count175
\andhelp@=\toks40
\eqnshift@=\dimen291
\alignsep@=\dimen292
\tagshift@=\dimen293
\tagwidth@=\dimen294
\totwidth@=\dimen295
\lineht@=\dimen296
\@envbody=\toks41
\multlinegap=\skip57
\multlinetaggap=\skip58
\mathdisplay@stack=\toks42
LaTeX Info: Redefining \[ on input line 2665.
LaTeX Info: Redefining \] on input line 2666.
)
LaTeX Info: Thecontrolsequence`\['isalreadyrobust on input line 129.
LaTeX Info: Thecontrolsequence`\]'isalreadyrobust on input line 129.
\g_MT_multlinerow_int=\count176
\l_MT_multwidth_dim=\dimen297
\origjot=\skip59
\l_MT_shortvdotswithinadjustabove_dim=\dimen298
\l_MT_shortvdotswithinadjustbelow_dim=\dimen299
\l_MT_above_intertext_sep=\dimen300
\l_MT_below_intertext_sep=\dimen301
\l_MT_above_shortintertext_sep=\dimen302
\l_MT_below_shortintertext_sep=\dimen303
)
("C:\Program Files\MiKTeX 2.9\tex\latex\tools\indentfirst.sty"
Package: indentfirst 1995/11/23 v1.03 Indent first paragraph (DPC)
)
\tikzscale@accuracy=\skip60
 (faseFinal.aux)
LaTeX Font Info:    Checking defaults for OML/cmm/m/it on input line 35.
LaTeX Font Info:    ... okay on input line 35.
LaTeX Font Info:    Checking defaults for T1/cmr/m/n on input line 35.
LaTeX Font Info:    ... okay on input line 35.
LaTeX Font Info:    Checking defaults for OT1/cmr/m/n on input line 35.
LaTeX Font Info:    ... okay on input line 35.
LaTeX Font Info:    Checking defaults for OMS/cmsy/m/n on input line 35.
LaTeX Font Info:    ... okay on input line 35.
LaTeX Font Info:    Checking defaults for OMX/cmex/m/n on input line 35.
LaTeX Font Info:    ... okay on input line 35.
LaTeX Font Info:    Checking defaults for U/cmr/m/n on input line 35.
LaTeX Font Info:    ... okay on input line 35.
LaTeX Font Info:    Try loading font information for OT1+ptm on input line 35.
("C:\Program Files\MiKTeX 2.9\tex\latex\psnfss\ot1ptm.fd"
File: ot1ptm.fd 2001/06/04 font definitions for OT1/ptm.
)
("C:\Program Files\MiKTeX 2.9\tex\context\base\supp-pdf.mkii"
[Loading MPS to PDF converter (version 2006.09.02).]
\scratchcounter=\count177
\scratchdimen=\dimen304
\scratchbox=\box60
\nofMPsegments=\count178
\nofMParguments=\count179
\everyMPshowfont=\toks43
\MPscratchCnt=\count180
\MPscratchDim=\dimen305
\MPnumerator=\count181
\makeMPintoPDFobject=\count182
\everyMPtoPDFconversion=\toks44
) ABD: EveryShipout initializing macros
Package pgfplots notification 'compat/show suggested version=true': you might b
enefit from \pgfplotsset{compat=1.12} (current compat level: 1.9).

Package caption Info: Begin \AtBeginDocument code.
Package caption Info: End \AtBeginDocument code.
*geometry* detected driver: pdftex
*geometry* verbose mode - [ preamble ] result:
* driver: pdftex
* paper: a4paper
* layout: <same size as paper>
* layoutoffset:(h,v)=(0.0pt,0.0pt)
* modes: 
* h-part:(L,W,R)=(71.13188pt, 455.24411pt, 71.13188pt)
* v-part:(T,H,B)=(71.13188pt, 702.78308pt, 71.13188pt)
* \paperwidth=597.50787pt
* \paperheight=845.04684pt
* \textwidth=455.24411pt
* \textheight=702.78308pt
* \oddsidemargin=-1.1381pt
* \evensidemargin=-1.1381pt
* \topmargin=-38.1381pt
* \headheight=12.0pt
* \headsep=25.0pt
* \topskip=12.0pt
* \footskip=30.0pt
* \marginparwidth=35.0pt
* \marginparsep=10.0pt
* \columnsep=10.0pt
* \skip\footins=10.8pt plus 4.0pt minus 2.0pt
* \hoffset=0.0pt
* \voffset=0.0pt
* \mag=1000
* \@twocolumnfalse
* \@twosidefalse
* \@mparswitchfalse
* \@reversemarginfalse
* (1in=72.27pt=25.4mm, 1cm=28.453pt)

(capa.tex <logo.png, id=4, 422.57875pt x 328.22626pt>
File: logo.png Graphic file (type png)
 <use logo.png>
Package pdftex.def Info: logo.png used on input line 6.
(pdftex.def)             Requested size: 136.57462pt x 106.08128pt.
LaTeX Font Info:    Font shape `OT1/ptm/bx/n' in size <12> not available
(Font)              Font shape `OT1/ptm/b/n' tried instead on input line 13.
LaTeX Font Info:    Font shape `OT1/ptm/bx/it' in size <12> not available
(Font)              Font shape `OT1/ptm/b/it' tried instead on input line 14.
LaTeX Font Info:    Font shape `OT1/ptm/bx/n' in size <20.74> not available
(Font)              Font shape `OT1/ptm/b/n' tried instead on input line 30.

<celia.jpg, id=6, 1366.10374pt x 1366.10374pt>
File: celia.jpg Graphic file (type jpg)
 <use celia.jpg>
Package pdftex.def Info: celia.jpg used on input line 37.
(pdftex.def)             Requested size: 95.63702pt x 95.63702pt.

Overfull \hbox (50.10985pt too wide) in paragraph at lines 37--39
[][]
 []


Underfull \hbox (badness 7397) in paragraph at lines 37--39
\OT1/ptm/m/n/10.95 C[]elia Fi-
 []


Underfull \hbox (badness 10000) in paragraph at lines 37--39
\OT1/ptm/m/n/10.95 guei-redo
 []

<gil.jpg, id=7, 215.80624pt x 270.00874pt>
File: gil.jpg Graphic file (type jpg)
 <use gil.jpg>
Package pdftex.def Info: gil.jpg used on input line 42.
(pdftex.def)             Requested size: 77.69019pt x 97.20306pt.

Overfull \hbox (32.16301pt too wide) in paragraph at lines 42--44
[][]
 []


Underfull \hbox (badness 10000) in paragraph at lines 42--44
\OT1/ptm/m/n/10.95 Gil
 []


Overfull \hbox (0.52809pt too wide) in paragraph at lines 42--44
\OT1/ptm/m/n/10.95 Gon[]alves
 []

<marcia.jpg, id=8, 963.6pt x 963.6pt>
File: marcia.jpg Graphic file (type jpg)
 <use marcia.jpg>
Package pdftex.def Info: marcia.jpg used on input line 47.
(pdftex.def)             Requested size: 96.55678pt x 96.55678pt.

Overfull \hbox (51.0296pt too wide) in paragraph at lines 47--49
[][]
 []


Underfull \hbox (badness 10000) in paragraph at lines 47--49
\OT1/ptm/m/n/10.95 M[]arcia
 []


Underfull \hbox (badness 10000) in paragraph at lines 47--49
\OT1/ptm/m/n/10.95 Costa
 []

<daniel.jpg, id=9, 275.52937pt x 325.96782pt>
File: daniel.jpg Graphic file (type jpg)
 <use daniel.jpg>
Package pdftex.def Info: daniel.jpg used on input line 52.
(pdftex.def)             Requested size: 82.65944pt x 97.79109pt.

Overfull \hbox (37.13226pt too wide) in paragraph at lines 52--54
[][]
 []


Underfull \hbox (badness 10000) in paragraph at lines 52--54
\OT1/ptm/m/n/10.95 Da-niel
 []


Underfull \hbox (badness 10000) in paragraph at lines 52--54
\OT1/ptm/m/n/10.95 Ro-dri-gues
 []

<ricardo.jpg, id=10, 722.7pt x 963.6pt>
File: ricardo.jpg Graphic file (type jpg)
 <use ricardo.jpg>
Package pdftex.def Info: ricardo.jpg used on input line 56.
(pdftex.def)             Requested size: 72.27423pt x 96.36565pt.

Overfull \hbox (26.74706pt too wide) in paragraph at lines 56--58
[][]
 []


Underfull \hbox (badness 10000) in paragraph at lines 56--58
\OT1/ptm/m/n/10.95 Ri-cardo
 []


Underfull \hbox (badness 10000) in paragraph at lines 56--58
\OT1/ptm/m/n/10.95 Lo-pes
 []

[1

{C:/ProgramData/MiKTeX/2.9/pdftex/config/pdftex.map} <./logo.png> <./celia.jpg>
 <./gil.jpg> <./marcia.jpg> <./daniel.jpg> <./ricardo.jpg>]) (faseFinal.toc)
\tf@toc=\write6

(intro.tex [1

]
Cap\'{\i }tulo 1.
LaTeX Font Info:    Font shape `OT1/ptm/bx/n' in size <17.28> not available
(Font)              Font shape `OT1/ptm/b/n' tried instead on input line 12.
[2

]) (desenvolvimento.tex [3]
Cap\'{\i }tulo 2.
LaTeX Font Info:    Font shape `OT1/ptm/bx/n' in size <14.4> not available
(Font)              Font shape `OT1/ptm/b/n' tried instead on input line 6.
LaTeX Font Info:    Try loading font information for OMS+ptm on input line 11.
("C:\Program Files\MiKTeX 2.9\tex\latex\psnfss\omsptm.fd"
File: omsptm.fd 
)
LaTeX Font Info:    Font shape `OMS/ptm/m/n' in size <12> not available
(Font)              Font shape `OMS/cmsy/m/n' tried instead on input line 11.
 [4

] [5]
Cap\'{\i }tulo 3.
<imagens/mD/"ModeloDominio".jpg, id=36, 1197.47375pt x 501.875pt>
File: imagens/mD/"ModeloDominio".jpg Graphic file (type jpg)

<use imagens/mD/"ModeloDominio".jpg>
Package pdftex.def Info: imagens/mD/"ModeloDominio".jpg used on input line 61.
(pdftex.def)             Requested size: 478.98102pt x 200.74643pt.

Overfull \hbox (23.73691pt too wide) in paragraph at lines 61--62
[][] 
 []

LaTeX Font Info:    Font shape `OT1/ptm/bx/n' in size <10.95> not available
(Font)              Font shape `OT1/ptm/b/n' tried instead on input line 62.
[6

 <./imagens/mD/ModeloDominio.jpg>]
Overfull \hbox (23.4307pt too wide) in paragraph at lines 76--81
\OT1/ptm/m/n/12 quer pro-jecto, es-pe-ci-al-mente em pro-jec-tos de me-dia e pe
-quena es-cala, para poss[]veis implementa[][]oes
 []


<imagens/diagramaClasses/DiagramaClasse.jpg, id=41, 1034.86626pt x 632.3625pt>
File: imagens/diagramaClasses/DiagramaClasse.jpg Graphic file (type jpg)

<use imagens/diagramaClasses/DiagramaClasse.jpg>
Package pdftex.def Info: imagens/diagramaClasses/DiagramaClasse.jpg used on inp
ut line 84.
(pdftex.def)             Requested size: 486.3872pt x 297.21042pt.

Overfull \hbox (31.1431pt too wide) in paragraph at lines 84--85
 [][] 
 []

[7 <./imagens/diagramaClasses/DiagramaClasse.jpg>]
<UseCase.jpg, id=45, 623.32875pt x 527.9725pt>
File: UseCase.jpg Graphic file (type jpg)
 <use UseCase.jpg>
Package pdftex.def Info: UseCase.jpg used on input line 103.
(pdftex.def)             Requested size: 311.6636pt x 263.9856pt.
 [8 <./UseCase.jpg>]
<imagens/Especificacoes/geresaldoglobal.png, id=49, 476.53032pt x 156.585pt>
File: imagens/Especificacoes/geresaldoglobal.png Graphic file (type png)

<use imagens/Especificacoes/geresaldoglobal.png>
Package pdftex.def Info: imagens/Especificacoes/geresaldoglobal.png used on inp
ut line 112.
(pdftex.def)             Requested size: 285.9204pt x 93.95172pt.

<imagens/diagramaSeq/GereSaldoGlobal.jpg, id=50, 399.4925pt x 343.2825pt>
File: imagens/diagramaSeq/GereSaldoGlobal.jpg Graphic file (type jpg)

<use imagens/diagramaSeq/GereSaldoGlobal.jpg>
Package pdftex.def Info: imagens/diagramaSeq/GereSaldoGlobal.jpg used on input 
line 118.
(pdftex.def)             Requested size: 199.74576pt x 171.64082pt.

<imagens/Especificacoes/efetualogin.png, id=51, 515.67656pt x 319.1925pt>
File: imagens/Especificacoes/efetualogin.png Graphic file (type png)

<use imagens/Especificacoes/efetualogin.png>
Package pdftex.def Info: imagens/Especificacoes/efetualogin.png used on input l
ine 127.
(pdftex.def)             Requested size: 309.40831pt x 191.51697pt.

<imagens/diagramaSeq/Login.jpg, id=52, 701.62125pt x 591.20876pt>
File: imagens/diagramaSeq/Login.jpg Graphic file (type jpg)

<use imagens/diagramaSeq/Login.jpg>
Package pdftex.def Info: imagens/diagramaSeq/Login.jpg used on input line 134.
(pdftex.def)             Requested size: 350.80975pt x 295.60365pt.
 [9 <./imagens/Especificacoes/geresaldoglobal.png> <./imagens/diagramaSeq/GereS
aldoGlobal.jpg> <./imagens/Especificacoes/efetualogin.png>]
<imagens/Especificacoes/criarconta.png, id=56, 462.22687pt x 400.49625pt>
File: imagens/Especificacoes/criarconta.png Graphic file (type png)

<use imagens/Especificacoes/criarconta.png>
Package pdftex.def Info: imagens/Especificacoes/criarconta.png used on input li
ne 145.
(pdftex.def)             Requested size: 277.33826pt x 240.29959pt.

<imagens/diagramaSeq/CriarConta.jpg, id=57, 785.93625pt x 1133.23375pt>
File: imagens/diagramaSeq/CriarConta.jpg Graphic file (type jpg)

<use imagens/diagramaSeq/CriarConta.jpg>
Package pdftex.def Info: imagens/diagramaSeq/CriarConta.jpg used on input line 
151.
(pdftex.def)             Requested size: 432.26627pt x 623.28049pt.
 [10 <./imagens/diagramaSeq/Login.jpg> <./imagens/Especificacoes/criarconta.png
>]
<imagens/Especificacoes/consultasaldodentrodecasa.png, id=61, 461.47406pt x 154
.32657pt>
File: imagens/Especificacoes/consultasaldodentrodecasa.png Graphic file (type p
ng)
 <use imagens/Especificacoes/consultasaldodentrodecasa.png>
Package pdftex.def Info: imagens/Especificacoes/consultasaldodentrodecasa.png u
sed on input line 159.
(pdftex.def)             Requested size: 276.88655pt x 92.59663pt.

<imagens/diagramaSeq/ConsultaSaldodeCasa.jpg, id=62, 611.28375pt x 178.6675pt>
File: imagens/diagramaSeq/ConsultaSaldodeCasa.jpg Graphic file (type jpg)

<use imagens/diagramaSeq/ConsultaSaldodeCasa.jpg>
Package pdftex.def Info: imagens/diagramaSeq/ConsultaSaldodeCasa.jpg used on in
put line 165.
(pdftex.def)             Requested size: 305.64113pt x 89.33353pt.
 [11 <./imagens/diagramaSeq/CriarConta.jpg>]
<imagens/Especificacoes/depositadinheiro.png, id=66, 457.71pt x 158.09062pt>
File: imagens/Especificacoes/depositadinheiro.png Graphic file (type png)

<use imagens/Especificacoes/depositadinheiro.png>
Package pdftex.def Info: imagens/Especificacoes/depositadinheiro.png used on in
put line 175.
(pdftex.def)             Requested size: 274.62813pt x 94.85509pt.

<imagens/diagramaSeq/DepositaDinheiroConta.jpg, id=67, 748.7975pt x 289.08pt>
File: imagens/diagramaSeq/DepositaDinheiroConta.jpg Graphic file (type jpg)

<use imagens/diagramaSeq/DepositaDinheiroConta.jpg>
Package pdftex.def Info: imagens/diagramaSeq/DepositaDinheiroConta.jpg used on 
input line 181.
(pdftex.def)             Requested size: 374.39783pt x 144.53964pt.
 [12 <./imagens/Especificacoes/consultasaldodentrodecasa.png> <./imagens/diagra
maSeq/ConsultaSaldodeCasa.jpg> <./imagens/Especificacoes/depositadinheiro.png> 
<./imagens/diagramaSeq/DepositaDinheiroConta.jpg>]
<imagens/Especificacoes/consultasmsadmin.png, id=72, 454.69875pt x 264.99pt>
File: imagens/Especificacoes/consultasmsadmin.png Graphic file (type png)

<use imagens/Especificacoes/consultasmsadmin.png>
Package pdftex.def Info: imagens/Especificacoes/consultasmsadmin.png used on in
put line 190.
(pdftex.def)             Requested size: 272.82135pt x 158.99522pt.

<imagens/diagramaSeq/ConsultarMensagensdoAdmin.jpg, id=73, 636.3775pt x 285.065
pt>
File: imagens/diagramaSeq/ConsultarMensagensdoAdmin.jpg Graphic file (type jpg)

 <use imagens/diagramaSeq/ConsultarMensagensdoAdmin.jpg>
Package pdftex.def Info: imagens/diagramaSeq/ConsultarMensagensdoAdmin.jpg used
 on input line 196.
(pdftex.def)             Requested size: 318.18797pt x 142.53215pt.

<imagens/UseCase/GerirDespesas.jpg, id=74, 481.8pt x 350.30875pt>
File: imagens/UseCase/GerirDespesas.jpg Graphic file (type jpg)

<use imagens/UseCase/GerirDespesas.jpg>
Package pdftex.def Info: imagens/UseCase/GerirDespesas.jpg used on input line 2
04.
(pdftex.def)             Requested size: 240.8994pt x 175.15395pt.

<imagens/Especificacoes/efetuapagdespesa.png, id=75, 462.97969pt x 298.86656pt>
File: imagens/Especificacoes/efetuapagdespesa.png Graphic file (type png)
<use imagens/Especificacoes/efetuapagdespesa.png>
Package pdftex.def Info: imagens/Especificacoes/efetuapagdespesa.png used on in
put line 212.
(pdftex.def)             Requested size: 277.78995pt x 179.3213pt.
 [13 <./imagens/Especificacoes/consultasmsadmin.png> <./imagens/diagramaSeq/Con
sultarMensagensdoAdmin.jpg> <./imagens/UseCase/GerirDespesas.jpg>]
<imagens/diagramaSeq/EfetuaPagamentoDespesa.jpg, id=79, 934.49126pt x 353.32pt>
File: imagens/diagramaSeq/EfetuaPagamentoDespesa.jpg Graphic file (type jpg)
<use imagens/diagramaSeq/EfetuaPagamentoDespesa.jpg>
Package pdftex.def Info: imagens/diagramaSeq/EfetuaPagamentoDespesa.jpg used on
 input line 218.
(pdftex.def)             Requested size: 467.24449pt x 176.65956pt.

Overfull \hbox (12.00038pt too wide) in paragraph at lines 218--219
 [][] 
 []

<imagens/diagramaIt/AdminPagaFactura.jpg, id=80, 1521.685pt x 1084.05pt>
File: imagens/diagramaIt/AdminPagaFactura.jpg Graphic file (type jpg)

<use imagens/diagramaIt/AdminPagaFactura.jpg>
Package pdftex.def Info: imagens/diagramaIt/AdminPagaFactura.jpg used on input 
line 225.
(pdftex.def)             Requested size: 524.9819pt x 373.99765pt.

Overfull \hbox (69.7378pt too wide) in paragraph at lines 225--226
 [][] 
 []

[14 <./imagens/Especificacoes/efetuapagdespesa.png> <./imagens/diagramaSeq/Efet
uaPagamentoDespesa.jpg>]
<imagens/Especificacoes/inserirdespesas.png, id=84, 602.25pt x 736.25063pt>
File: imagens/Especificacoes/inserirdespesas.png Graphic file (type png)

<use imagens/Especificacoes/inserirdespesas.png>
Package pdftex.def Info: imagens/Especificacoes/inserirdespesas.png used on inp
ut line 234.
(pdftex.def)             Requested size: 481.80064pt x 589.0013pt.

Overfull \hbox (26.55653pt too wide) in paragraph at lines 234--235
 [][] 
 []

[15 <./imagens/diagramaIt/AdminPagaFactura.jpg>]
<imagens/DiagramaSeq/InserirDespesa.jpg, id=88, 738.76pt x 1074.0125pt>
File: imagens/DiagramaSeq/InserirDespesa.jpg Graphic file (type jpg)

<use imagens/DiagramaSeq/InserirDespesa.jpg>
Package pdftex.def Info: imagens/DiagramaSeq/InserirDespesa.jpg used on input l
ine 242.
(pdftex.def)             Requested size: 369.37909pt x 537.00493pt.

<imagens/Especificacoes/apagardespesa.png, id=89, 479.54156pt x 240.14719pt>
File: imagens/Especificacoes/apagardespesa.png Graphic file (type png)

<use imagens/Especificacoes/apagardespesa.png>
Package pdftex.def Info: imagens/Especificacoes/apagardespesa.png used on input
 line 252.
(pdftex.def)             Requested size: 287.72716pt x 144.0894pt.

<imagens/diagramaSeq/ApagarDespesa.jpg, id=90, 688.5725pt x 332.24126pt>
File: imagens/diagramaSeq/ApagarDespesa.jpg Graphic file (type jpg)

<use imagens/diagramaSeq/ApagarDespesa.jpg>
Package pdftex.def Info: imagens/diagramaSeq/ApagarDespesa.jpg used on input li
ne 258.
(pdftex.def)             Requested size: 344.2854pt x 166.12021pt.
 [16 <./imagens/Especificacoes/inserirdespesas.png>]
<imagens/UseCase/despesasMorador.jpg, id=94, 402.50375pt x 368.37625pt>
File: imagens/UseCase/despesasMorador.jpg Graphic file (type jpg)

<use imagens/UseCase/despesasMorador.jpg>
Package pdftex.def Info: imagens/UseCase/despesasMorador.jpg used on input line
 266.
(pdftex.def)             Requested size: 241.5041pt x 221.02744pt.
 [17 <./imagens/DiagramaSeq/InserirDespesa.jpg>]
<imagens/Especificacoes/consultardespesaspagas.png, id=98, 458.46281pt x 232.61
906pt>
File: imagens/Especificacoes/consultardespesaspagas.png Graphic file (type png)

 <use imagens/Especificacoes/consultardespesaspagas.png>
Package pdftex.def Info: imagens/Especificacoes/consultardespesaspagas.png used
 on input line 277.
(pdftex.def)             Requested size: 275.0798pt x 139.57251pt.

<imagens/DiagramaSeq/ConsultarDespesasPagas.jpg, id=99, 541.02126pt x 266.9975p
t>
File: imagens/DiagramaSeq/ConsultarDespesasPagas.jpg Graphic file (type jpg)
 <use imagens/DiagramaSeq/ConsultarDespesasPagas.jpg>
Package pdftex.def Info: imagens/DiagramaSeq/ConsultarDespesasPagas.jpg used on
 input line 283.
(pdftex.def)             Requested size: 324.61525pt x 160.19972pt.
 [18 <./imagens/Especificacoes/apagardespesa.png> <./imagens/diagramaSeq/Apagar
Despesa.jpg> <./imagens/UseCase/despesasMorador.jpg>]
<imagens/Especificacoes/pagardespesas.png, id=104, 572.89032pt x 574.39594pt>
File: imagens/Especificacoes/pagardespesas.png Graphic file (type png)

<use imagens/Especificacoes/pagardespesas.png>
Package pdftex.def Info: imagens/Especificacoes/pagardespesas.png used on input
 line 293.
(pdftex.def)             Requested size: 343.73683pt x 344.64021pt.

<imagens/DiagramaSeq/PagarDespesa.jpg, id=105, 868.24374pt x 557.08125pt>
File: imagens/DiagramaSeq/PagarDespesa.jpg Graphic file (type jpg)

<use imagens/DiagramaSeq/PagarDespesa.jpg>
Package pdftex.def Info: imagens/DiagramaSeq/PagarDespesa.jpg used on input lin
e 300.
(pdftex.def)             Requested size: 434.1208pt x 278.53995pt.

<imagens/DiagramaIt/UtilizadorPagaFactura.jpg, id=106, 2103.86pt x 3574.35374pt
>
File: imagens/DiagramaIt/UtilizadorPagaFactura.jpg Graphic file (type jpg)
 <use imagens/DiagramaIt/UtilizadorPagaFactura.jpg>
Package pdftex.def Info: imagens/DiagramaIt/UtilizadorPagaFactura.jpg used on i
nput line 307.
(pdftex.def)             Requested size: 378.67847pt x 643.35593pt.
 [19 <./imagens/Especificacoes/consultardespesaspagas.png> <./imagens/DiagramaS
eq/ConsultarDespesasPagas.jpg>]

LaTeX Warning: Text page 20 contains only floats.


Overfull \vbox (3.59706pt too high) has occurred while \output is active []


[20 <./imagens/Especificacoes/pagardespesas.png> <./imagens/DiagramaSeq/PagarDe
spesa.jpg>]

LaTeX Warning: Text page 21 contains only floats.

[21 <./imagens/DiagramaIt/UtilizadorPagaFactura.jpg>]
<imagens/Especificacoes/consultarlistadedividas.png, id=116, 462.97969pt x 389.
20406pt>
File: imagens/Especificacoes/consultarlistadedividas.png Graphic file (type png
)
 <use imagens/Especificacoes/consultarlistadedividas.png>
Package pdftex.def Info: imagens/Especificacoes/consultarlistadedividas.png use
d on input line 316.
(pdftex.def)             Requested size: 324.08356pt x 272.44098pt.

<imagens/diagramaSeq/ConsultaListaDividas.jpg, id=117, 929.4725pt x 390.45876pt
>
File: imagens/diagramaSeq/ConsultaListaDividas.jpg Graphic file (type jpg)
 <use imagens/diagramaSeq/ConsultaListaDividas.jpg>
Package pdftex.def Info: imagens/diagramaSeq/ConsultaListaDividas.jpg used on i
nput line 323.
(pdftex.def)             Requested size: 557.6878pt x 234.27705pt.

Overfull \hbox (102.4437pt too wide) in paragraph at lines 323--324
 [][] 
 []

[22 <./imagens/Especificacoes/consultarlistadedividas.png> <./imagens/diagramaS
eq/ConsultaListaDividas.jpg>]
<imagens/Especificacoes/consultaremprestimos.png, id=121, 459.96844pt x 216.81p
t>
File: imagens/Especificacoes/consultaremprestimos.png Graphic file (type png)
 <use imagens/Especificacoes/consultaremprestimos.png>
Package pdftex.def Info: imagens/Especificacoes/consultaremprestimos.png used o
n input line 334.
(pdftex.def)             Requested size: 321.97571pt x 151.76596pt.

<imagens/diagramaSeq/ConsultarListaEmprestimos.jpg, id=122, 561.09625pt x 235.8
8126pt>
File: imagens/diagramaSeq/ConsultarListaEmprestimos.jpg Graphic file (type jpg)

 <use imagens/diagramaSeq/ConsultarListaEmprestimos.jpg>
Package pdftex.def Info: imagens/diagramaSeq/ConsultarListaEmprestimos.jpg used
 on input line 340.
(pdftex.def)             Requested size: 280.54744pt x 117.94034pt.
 [23 <./imagens/Especificacoes/consultaremprestimos.png> <./imagens/diagramaSeq
/ConsultarListaEmprestimos.jpg>]
<imagens/UseCase/InteracaoComOsUtilizadores.jpg, id=126, 436.63126pt x 347.2975
pt>
File: imagens/UseCase/InteracaoComOsUtilizadores.jpg Graphic file (type jpg)
 <use imagens/UseCase/InteracaoComOsUtilizadores.jpg>
Package pdftex.def Info: imagens/UseCase/InteracaoComOsUtilizadores.jpg used on
 input line 351.
(pdftex.def)             Requested size: 261.98077pt x 208.3801pt.

<imagens/Especificacoes/convidautilizadores.png, id=127, 462.97969pt x 217.5628
pt>
File: imagens/Especificacoes/convidautilizadores.png Graphic file (type png)
 <use imagens/Especificacoes/convidautilizadores.png>
Package pdftex.def Info: imagens/Especificacoes/convidautilizadores.png used on
 input line 359.
(pdftex.def)             Requested size: 324.08356pt x 152.29292pt.

<imagens/diagramaSeq/ConvidaUtilizadores.jpg, id=128, 939.51pt x 335.2525pt>
File: imagens/diagramaSeq/ConvidaUtilizadores.jpg Graphic file (type jpg)

<use imagens/diagramaSeq/ConvidaUtilizadores.jpg>
Package pdftex.def Info: imagens/diagramaSeq/ConvidaUtilizadores.jpg used on in
put line 365.
(pdftex.def)             Requested size: 469.75385pt x 167.62584pt.

Overfull \hbox (14.50974pt too wide) in paragraph at lines 365--366
 [][] 
 []


<imagens/diagramaIt/AdicionarUtilizadorGrupo.jpg, id=129, 1172.38pt x 521.95pt>
File: imagens/diagramaIt/AdicionarUtilizadorGrupo.jpg Graphic file (type jpg)
<use imagens/diagramaIt/AdicionarUtilizadorGrupo.jpg>
Package pdftex.def Info: imagens/diagramaIt/AdicionarUtilizadorGrupo.jpg used o
n input line 371.
(pdftex.def)             Requested size: 539.30135pt x 240.0999pt.

Overfull \hbox (84.05724pt too wide) in paragraph at lines 371--372
 [][] 
 []

[24 <./imagens/UseCase/InteracaoComOsUtilizadores.jpg> <./imagens/Especificacoe
s/convidautilizadores.png>]
<imagens/Especificacoes/enviasmsutilizadores.png, id=134, 456.20438pt x 196.484
07pt>
File: imagens/Especificacoes/enviasmsutilizadores.png Graphic file (type png)
 <use imagens/Especificacoes/enviasmsutilizadores.png>
Package pdftex.def Info: imagens/Especificacoes/enviasmsutilizadores.png used o
n input line 383.
(pdftex.def)             Requested size: 319.34087pt x 137.5379pt.

<imagens/Especificacoes/retirardogrupo.png, id=135, 461.47406pt x 245.41687pt>
File: imagens/Especificacoes/retirardogrupo.png Graphic file (type png)

<use imagens/Especificacoes/retirardogrupo.png>
Package pdftex.def Info: imagens/Especificacoes/retirardogrupo.png used on inpu
t line 393.
(pdftex.def)             Requested size: 323.02963pt x 171.79062pt.
 [25 <./imagens/diagramaSeq/ConvidaUtilizadores.jpg> <./imagens/diagramaIt/Adic
ionarUtilizadorGrupo.jpg> <./imagens/Especificacoes/enviasmsutilizadores.png>]
<imagens/DiagramaSeq/RetirarDoGrupo.jpg, id=139, 660.4675pt x 376.40625pt>
File: imagens/DiagramaSeq/RetirarDoGrupo.jpg Graphic file (type jpg)

<use imagens/DiagramaSeq/RetirarDoGrupo.jpg>
Package pdftex.def Info: imagens/DiagramaSeq/RetirarDoGrupo.jpg used on input l
ine 399.
(pdftex.def)             Requested size: 330.23294pt x 188.20265pt.

<imagens/DiagramaIt/AdminRemoveDoGrupo.jpg, id=140, 1882.03125pt x 1451.4225pt>
File: imagens/DiagramaIt/AdminRemoveDoGrupo.jpg Graphic file (type jpg)
<use imagens/DiagramaIt/AdminRemoveDoGrupo.jpg>
Package pdftex.def Info: imagens/DiagramaIt/AdminRemoveDoGrupo.jpg used on inpu
t line 405.
(pdftex.def)             Requested size: 508.15523pt x 391.88931pt.

Overfull \hbox (52.91112pt too wide) in paragraph at lines 405--406
 [][] 
 []

[26 <./imagens/Especificacoes/retirardogrupo.png> <./imagens/DiagramaSeq/Retira
rDoGrupo.jpg>] [27 <./imagens/DiagramaIt/AdminRemoveDoGrupo.jpg>]
Cap\'{\i }tulo 4.

<imagens/DiagramInstalacao/DeploymentDiagram.jpg, id=147, 962.59625pt x 567.118
74pt>
File: imagens/DiagramInstalacao/DeploymentDiagram.jpg Graphic file (type jpg)
 <use imagens/DiagramInstalacao/DeploymentDiagram.jpg>
Package pdftex.def Info: imagens/DiagramInstalacao/DeploymentDiagram.jpg used o
n input line 416.
(pdftex.def)             Requested size: 385.03168pt x 226.84348pt.

<imagens/DiagramInstalacao/PackageDiagram.jpg, id=148, 1413.28pt x 601.24625pt>
File: imagens/DiagramInstalacao/PackageDiagram.jpg Graphic file (type jpg)
<use imagens/DiagramInstalacao/PackageDiagram.jpg>
Package pdftex.def Info: imagens/DiagramInstalacao/PackageDiagram.jpg used on i
nput line 422.
(pdftex.def)             Requested size: 565.30199pt x 240.49423pt.

Overfull \hbox (110.05788pt too wide) in paragraph at lines 422--423
 [][] 
 []

[28

 <./imagens/DiagramInstalacao/DeploymentDiagram.jpg>] [29 <./imagens/DiagramIns
talacao/PackageDiagram.jpg>]
Cap\'{\i }tulo 5.
<imagens/maqEstados/Login.jpg, id=155, 676.5275pt x 119.44624pt>
File: imagens/maqEstados/Login.jpg Graphic file (type jpg)

<use imagens/maqEstados/Login.jpg>
Package pdftex.def Info: imagens/maqEstados/Login.jpg used on input line 434.
(pdftex.def)             Requested size: 473.56601pt x 83.61179pt.

Overfull \hbox (18.3219pt too wide) in paragraph at lines 434--435
 [][] 
 []

<imagens/maqEstados/"Criar Conta".jpg, id=156, 889.3225pt x 319.1925pt>
File: imagens/maqEstados/"Criar Conta".jpg Graphic file (type jpg)

<use imagens/maqEstados/"Criar Conta".jpg>
Package pdftex.def Info: imagens/maqEstados/"Criar Conta".jpg used on input lin
e 442.
(pdftex.def)             Requested size: 489.12888pt x 175.55641pt.

Overfull \hbox (33.88477pt too wide) in paragraph at lines 442--443
 [][] 
 []


<imagens/maqEstados/"Convidar Utilizadores".jpg, id=157, 1090.0725pt x 471.7625
pt>
File: imagens/maqEstados/"Convidar Utilizadores".jpg Graphic file (type jpg)
 <use imagens/maqEstados/"Convidar Utilizadores".jpg>
Package pdftex.def Info: imagens/maqEstados/"Convidar Utilizadores".jpg used on
 input line 449.
(pdftex.def)             Requested size: 490.52809pt x 212.29115pt.

Overfull \hbox (35.28398pt too wide) in paragraph at lines 449--450
 [][] 
 []


<imagens/maqEstados/"Remover Utilizadores".jpg, id=158, 824.07875pt x 250.9375p
t>
File: imagens/maqEstados/"Remover Utilizadores".jpg Graphic file (type jpg)
 <use imagens/maqEstados/"Remover Utilizadores".jpg>
Package pdftex.def Info: imagens/maqEstados/"Remover Utilizadores".jpg used on 
input line 456.
(pdftex.def)             Requested size: 370.83202pt x 112.92082pt.

<imagens/maqEstados/"InserFactura".jpg, id=159, 1090.0725pt x 512.91624pt>
File: imagens/maqEstados/"InserFactura".jpg Graphic file (type jpg)

<use imagens/maqEstados/"InserFactura".jpg>
Package pdftex.def Info: imagens/maqEstados/"InserFactura".jpg used on input li
ne 463.
(pdftex.def)             Requested size: 490.52809pt x 230.81018pt.

Overfull \hbox (35.28398pt too wide) in paragraph at lines 463--464
 [][] 
 []

[30

 <./imagens/maqEstados/Login.jpg> <./imagens/maqEstados/Criar Conta.jpg>]
<imagens/maqEstados/"Deposita Dinheiro".jpg, id=164, 617.30624pt x 98.3675pt>
File: imagens/maqEstados/"Deposita Dinheiro".jpg Graphic file (type jpg)

<use imagens/maqEstados/"Deposita Dinheiro".jpg>
Package pdftex.def Info: imagens/maqEstados/"Deposita Dinheiro".jpg used on inp
ut line 470.
(pdftex.def)             Requested size: 277.78523pt x 44.26495pt.
 [31 <./imagens/maqEstados/Convidar Utilizadores.jpg> <./imagens/maqEstados/Rem
over Utilizadores.jpg>]
<imagens/mockups/CriarConta.png, id=168, 559.33969pt x 371.88937pt>
File: imagens/mockups/CriarConta.png Graphic file (type png)

<use imagens/mockups/CriarConta.png>
Package pdftex.def Info: imagens/mockups/CriarConta.png used on input line 482.

(pdftex.def)             Requested size: 279.66916pt x 185.94423pt.

<imagens/mockups/MLogin.png, id=169, 562.35094pt x 320.69812pt>
File: imagens/mockups/MLogin.png Graphic file (type png)

<use imagens/mockups/MLogin.png>
Package pdftex.def Info: imagens/mockups/MLogin.png used on input line 489.
(pdftex.def)             Requested size: 281.17477pt x 160.34866pt.
 [32 <./imagens/maqEstados/InserFactura.jpg> <./imagens/maqEstados/Deposita Din
heiro.jpg> <./imagens/mockups/CriarConta.png>]
<imagens/mockups/loginsemgrupos.png, id=174, 703.87968pt x 469.00218pt>
File: imagens/mockups/loginsemgrupos.png Graphic file (type png)

<use imagens/mockups/loginsemgrupos.png>
Package pdftex.def Info: imagens/mockups/loginsemgrupos.png used on input line 
497.
(pdftex.def)             Requested size: 351.93898pt x 234.50052pt.

<imagens/mockups/consultardados.png, id=175, 949.29657pt x 572.89032pt>
File: imagens/mockups/consultardados.png Graphic file (type png)

<use imagens/mockups/consultardados.png>
Package pdftex.def Info: imagens/mockups/consultardados.png used on input line 
507.
(pdftex.def)             Requested size: 427.1795pt x 257.79826pt.

<imagens/mockups/logUtilizador.png, id=176, 612.03656pt x 466.74374pt>
File: imagens/mockups/logUtilizador.png Graphic file (type png)

<use imagens/mockups/logUtilizador.png>
Package pdftex.def Info: imagens/mockups/logUtilizador.png used on input line 5
16.
(pdftex.def)             Requested size: 306.01753pt x 233.37129pt.

<imagens/mockups/tarefasutilizador.png, id=177, 617.30624pt x 469.00218pt>
File: imagens/mockups/tarefasutilizador.png Graphic file (type png)

<use imagens/mockups/tarefasutilizador.png>
Package pdftex.def Info: imagens/mockups/tarefasutilizador.png used on input li
ne 522.
(pdftex.def)             Requested size: 308.65236pt x 234.50052pt.


LaTeX Warning: `!h' float specifier changed to `!ht'.

[33 <./imagens/mockups/MLogin.png> <./imagens/mockups/loginsemgrupos.png>]
<imagens/mockups/loginadmin.png, id=183, 660.21657pt x 355.3275pt>
File: imagens/mockups/loginadmin.png Graphic file (type png)

<use imagens/mockups/loginadmin.png>
Package pdftex.def Info: imagens/mockups/loginadmin.png used on input line 531.

(pdftex.def)             Requested size: 330.10747pt x 177.6633pt.


LaTeX Warning: `!h' float specifier changed to `!ht'.

<imagens/mockups/AdminpagarContas.png, id=184, 621.82312pt x 443.40656pt>
File: imagens/mockups/AdminpagarContas.png Graphic file (type png)

<use imagens/mockups/AdminpagarContas.png>
Package pdftex.def Info: imagens/mockups/AdminpagarContas.png used on input lin
e 538.
(pdftex.def)             Requested size: 373.09674pt x 266.04597pt.


LaTeX Warning: `!h' float specifier changed to `!ht'.

) (conclusao.tex [34 <./imagens/mockups/consultardados.png> <./imagens/mockups/
logUtilizador.png>] [35 <./imagens/mockups/tarefasutilizador.png> <./imagens/mo
ckups/loginadmin.png>] [36 <./imagens/mockups/AdminpagarContas.png>]
Cap\'{\i }tulo 6.

Overfull \hbox (3.00426pt too wide) in paragraph at lines 5--6
[]\OT1/ptm/m/n/12 Depois de to-dos es-tes ele-men-tos pro-ce-de-mos []a fase de
 pen-sar de como se-ria a nossa aplica[][]ao
 []

) [37

] (faseFinal.aux) ) 
Here is how much of TeX's memory you used:
 31688 strings out of 493698
 748181 string characters out of 3144375
 866199 words of memory out of 3000000
 34439 multiletter control sequences out of 15000+200000
 30234 words of font info for 55 fonts, out of 3000000 for 9000
 1025 hyphenation exceptions out of 8191
 62i,8n,83p,10415b,609s stack positions out of 5000i,500n,10000p,200000b,50000s
{C:/Program Files/MiKTeX 2.9/fonts/enc/dvips/fontname/8r.enc
}<C:/Program Files/MiKTeX 2.9/fonts/type1/public/amsfonts/cm/cmsy10.pfb><C:/Pro
gram Files/MiKTeX 2.9/fonts/type1/urw/times/utmb8a.pfb><C:/Program Files/MiKTeX
 2.9/fonts/type1/urw/times/utmbi8a.pfb><C:/Program Files/MiKTeX 2.9/fonts/type1
/urw/times/utmr8a.pfb><C:/Program Files/MiKTeX 2.9/fonts/type1/urw/times/utmri8
a.pfb>
Output written on faseFinal.pdf (38 pages, 2653774 bytes).
PDF statistics:
 223 PDF objects out of 1000 (max. 8388607)
 0 named destinations out of 1000 (max. 500000)
 328 words of extra memory for PDF output out of 10000 (max. 10000000)

